<?xml version="1.0" encoding="UTF-8"?>
<testng-results ignored="0" total="1" passed="1" failed="0" skipped="0">
  <reporter-output>
  </reporter-output>
  <suite started-at="2022-10-27T00:34:10 IST" name="Default suite" finished-at="2022-10-27T00:34:10 IST" duration-ms="144">
    <groups>
    </groups>
    <test started-at="2022-10-27T00:34:10 IST" name="Default test" finished-at="2022-10-27T00:34:10 IST" duration-ms="144">
      <class name="org.testng.demo">
        <test-method signature="day1()[pri:0, instance:org.testng.demo@7e9131d5]" started-at="2022-10-27T00:34:10 IST" name="day1" finished-at="2022-10-27T00:34:10 IST" duration-ms="21" status="PASS">
          <reporter-output>
          </reporter-output>
        </test-method> <!-- day1 -->
      </class> <!-- org.testng.demo -->
    </test> <!-- Default test -->
  </suite> <!-- Default suite -->
</testng-results>
